<?xml version="1.0" encoding="UTF-8"?>
<testsuite xmlns:xsi="http://www.w3.org/2001/XMLSchema-instance" xsi:noNamespaceSchemaLocation="https://maven.apache.org/surefire/maven-surefire-plugin/xsd/surefire-test-report.xsd" name="TestSuite" time="8.211" tests="5" errors="0" skipped="0" failures="0">
  <properties>
[...]
</properties>
  <testcase name="createCountry" classname="Campus.CountryTest" time="1.736"/>
  <testcase name="createCountryNegative" classname="Campus.CountryTest" time="0.418"/>
  <testcase name="updateCountry" classname="Campus.CountryTest" time="0.468"/>
  <testcase name="deleteCountry" classname="Campus.CountryTest" time="0.346"/>
  <testcase name="deleteCountryNegative" classname="Campus.CountryTest" time="0.334"/>
</testsuite>